<?xml version="1.0" encoding="UTF-8"?>
<!-- Generated by org.testng.reporters.JUnitReportReporter -->
<testsuite hostname="abc-PC" name="com.ProjectName.ModuleName.testCases.LoginToApplication" tests="1" failures="0" timestamp="11 Sep 2019 03:58:29 GMT" time="0.011" errors="0">
  <testcase name="loginApp" time="0.011" classname="com.ProjectName.ModuleName.testCases.LoginToApplication"/>
</testsuite> <!-- com.ProjectName.ModuleName.testCases.LoginToApplication -->
